[2021-02-19 14:39:43,605] {taskinstance.py:851} INFO - Dependencies all met for <TaskInstance: titanic_pivot.download_titanic_dataset 2021-02-19T11:39:42.975956+00:00 [queued]>
[2021-02-19 14:39:43,626] {taskinstance.py:851} INFO - Dependencies all met for <TaskInstance: titanic_pivot.download_titanic_dataset 2021-02-19T11:39:42.975956+00:00 [queued]>
[2021-02-19 14:39:43,626] {taskinstance.py:1042} INFO - 
--------------------------------------------------------------------------------
[2021-02-19 14:39:43,626] {taskinstance.py:1043} INFO - Starting attempt 1 of 2
[2021-02-19 14:39:43,626] {taskinstance.py:1044} INFO - 
--------------------------------------------------------------------------------
[2021-02-19 14:39:43,641] {taskinstance.py:1063} INFO - Executing <Task(PythonOperator): download_titanic_dataset> on 2021-02-19T11:39:42.975956+00:00
[2021-02-19 14:39:43,644] {standard_task_runner.py:52} INFO - Started process 58126 to run task
[2021-02-19 14:39:43,647] {standard_task_runner.py:76} INFO - Running: ['airflow', 'tasks', 'run', 'titanic_pivot', 'download_titanic_dataset', '2021-02-19T11:39:42.975956+00:00', '--job-id', '7', '--pool', 'default_pool', '--raw', '--subdir', 'DAGS_FOLDER/titanicTest.py', '--cfg-path', '/tmp/tmpi5p5cd5g', '--error-file', '/tmp/tmprt_ged06']
[2021-02-19 14:39:43,647] {standard_task_runner.py:77} INFO - Job 7: Subtask download_titanic_dataset
[2021-02-19 14:39:43,682] {logging_mixin.py:104} INFO - Running <TaskInstance: titanic_pivot.download_titanic_dataset 2021-02-19T11:39:42.975956+00:00 [running]> on host oleg-desktop
[2021-02-19 14:39:43,725] {taskinstance.py:1255} INFO - Exporting the following env vars:
AIRFLOW_CTX_DAG_OWNER=airflow
AIRFLOW_CTX_DAG_ID=titanic_pivot
AIRFLOW_CTX_TASK_ID=download_titanic_dataset
AIRFLOW_CTX_EXECUTION_DATE=2021-02-19T11:39:42.975956+00:00
AIRFLOW_CTX_DAG_RUN_ID=manual__2021-02-19T11:39:42.975956+00:00
[2021-02-19 14:39:44,621] {python.py:118} INFO - Done. Returned value was: None
[2021-02-19 14:39:44,667] {taskinstance.py:1159} INFO - Marking task as SUCCESS. dag_id=titanic_pivot, task_id=download_titanic_dataset, execution_date=20210219T113942, start_date=20210219T113943, end_date=20210219T113944
[2021-02-19 14:39:44,791] {taskinstance.py:1220} INFO - 1 downstream tasks scheduled from follow-on schedule check
[2021-02-19 14:39:44,819] {local_task_job.py:146} INFO - Task exited with return code 0
