[2021-02-19 14:38:33,554] {taskinstance.py:851} INFO - Dependencies all met for <TaskInstance: titanic_pivot.download_titanic_dataset 2021-02-19T11:38:33.012393+00:00 [queued]>
[2021-02-19 14:38:33,571] {taskinstance.py:851} INFO - Dependencies all met for <TaskInstance: titanic_pivot.download_titanic_dataset 2021-02-19T11:38:33.012393+00:00 [queued]>
[2021-02-19 14:38:33,571] {taskinstance.py:1042} INFO - 
--------------------------------------------------------------------------------
[2021-02-19 14:38:33,571] {taskinstance.py:1043} INFO - Starting attempt 1 of 2
[2021-02-19 14:38:33,571] {taskinstance.py:1044} INFO - 
--------------------------------------------------------------------------------
[2021-02-19 14:38:33,585] {taskinstance.py:1063} INFO - Executing <Task(PythonOperator): download_titanic_dataset> on 2021-02-19T11:38:33.012393+00:00
[2021-02-19 14:38:33,587] {standard_task_runner.py:52} INFO - Started process 57779 to run task
[2021-02-19 14:38:33,590] {standard_task_runner.py:76} INFO - Running: ['airflow', 'tasks', 'run', 'titanic_pivot', 'download_titanic_dataset', '2021-02-19T11:38:33.012393+00:00', '--job-id', '5', '--pool', 'default_pool', '--raw', '--subdir', 'DAGS_FOLDER/titanicTest.py', '--cfg-path', '/tmp/tmpa38illix', '--error-file', '/tmp/tmptuvy8dyl']
[2021-02-19 14:38:33,591] {standard_task_runner.py:77} INFO - Job 5: Subtask download_titanic_dataset
[2021-02-19 14:38:33,636] {logging_mixin.py:104} INFO - Running <TaskInstance: titanic_pivot.download_titanic_dataset 2021-02-19T11:38:33.012393+00:00 [running]> on host oleg-desktop
[2021-02-19 14:38:33,686] {taskinstance.py:1255} INFO - Exporting the following env vars:
AIRFLOW_CTX_DAG_OWNER=airflow
AIRFLOW_CTX_DAG_ID=titanic_pivot
AIRFLOW_CTX_TASK_ID=download_titanic_dataset
AIRFLOW_CTX_EXECUTION_DATE=2021-02-19T11:38:33.012393+00:00
AIRFLOW_CTX_DAG_RUN_ID=manual__2021-02-19T11:38:33.012393+00:00
[2021-02-19 14:38:34,583] {python.py:118} INFO - Done. Returned value was: None
[2021-02-19 14:38:34,610] {taskinstance.py:1159} INFO - Marking task as SUCCESS. dag_id=titanic_pivot, task_id=download_titanic_dataset, execution_date=20210219T113833, start_date=20210219T113833, end_date=20210219T113834
[2021-02-19 14:38:34,643] {taskinstance.py:1220} INFO - 1 downstream tasks scheduled from follow-on schedule check
[2021-02-19 14:38:34,682] {local_task_job.py:146} INFO - Task exited with return code 0
